SF:C:\Users\Some-Fish\Documents\Newton\Objektorienterad_programmering\Lab-2---Poker\PokerLib\Player.cs
FN:23,System.Void Player::Give(System.Collections.Generic.List`1<Poker.ICard>)
FNDA:2,System.Void Player::Give(System.Collections.Generic.List`1<Poker.ICard>)
DA:24,2
DA:25,7
DA:26,6
DA:27,6
DA:28,6
DA:29,5
DA:30,5
DA:31,1
BRDA:25,57,1,6
BRDA:25,57,0,1
FN:32,System.Void Player::RemoveCards()
FNDA:1,System.Void Player::RemoveCards()
DA:33,1
DA:34,7
DA:35,2
DA:36,2
DA:37,2
DA:38,2
DA:39,2
DA:40,2
DA:41,1
BRDA:34,58,1,2
BRDA:36,32,0,2
BRDA:36,32,1,2
BRDA:34,58,0,1
FN:42,System.Void Player::JustWon()
FNDA:1,System.Void Player::JustWon()
DA:43,1
DA:44,1
DA:45,1
FN:46,System.String Player::ToString()
FNDA:1,System.String Player::ToString()
DA:47,1
DA:48,1
DA:49,1
DA:50,1
DA:51,1
DA:52,1
FN:52,System.String Player::Poker.IPlayer.get_Name()
FNDA:1,System.String Player::Poker.IPlayer.get_Name()
DA:53,1
FN:53,Poker.ICard[] Player::Poker.IPlayer.get_Hand()
FNDA:0,Poker.ICard[] Player::Poker.IPlayer.get_Hand()
DA:54,0
FN:55,Poker.HandType Player::Poker.IPlayer.get_HandType()
FNDA:0,Poker.HandType Player::Poker.IPlayer.get_HandType()
DA:56,0
FN:57,System.Int32 Player::Poker.IPlayer.get_Wins()
FNDA:2,System.Int32 Player::Poker.IPlayer.get_Wins()
DA:58,2
FN:59,Poker.ICard[] Player::Poker.IPlayer.get_Discard()
FNDA:4,Poker.ICard[] Player::Poker.IPlayer.get_Discard()
DA:60,4
FN:10,System.Void Player::.ctor(System.String)
FNDA:20,System.Void Player::.ctor(System.String)
DA:11,20
DA:12,20
DA:14,20
FN:14,System.Void Player::.ctor(System.String,System.Int32)
FNDA:21,System.Void Player::.ctor(System.String,System.Int32)
DA:15,21
DA:16,21
DA:17,0
DA:18,20
DA:19,20
DA:20,20
DA:21,20
DA:22,20
BRDA:17,17,0,0
BRDA:17,17,1,20
LF:42
LH:39
BRF:8
BRH:7
FNF:11
FNH:9
end_of_record
SF:C:\Users\Some-Fish\Documents\Newton\Objektorienterad_programmering\Lab-2---Poker\PokerLib\Card.cs
FN:6,Poker.Suite Poker.Card::get_Suite()
FNDA:28887,Poker.Suite Poker.Card::get_Suite()
DA:7,28887
FN:8,Poker.Rank Poker.Card::get_Rank()
FNDA:57424,Poker.Rank Poker.Card::get_Rank()
DA:9,57424
FN:15,System.Boolean Poker.Card::Equals(System.Object)
FNDA:79,System.Boolean Poker.Card::Equals(System.Object)
DA:16,79
DA:17,79
DA:18,79
DA:19,61
DA:20,17
DA:21,0
DA:22,17
DA:23,78
BRDA:18,27,0,61
BRDA:18,27,1,17
BRDA:20,52,0,0
BRDA:20,52,1,17
FN:24,System.Int32 Poker.Card::GetHashCode()
FNDA:0,System.Int32 Poker.Card::GetHashCode()
DA:25,0
DA:26,0
FN:9,System.Void Poker.Card::.ctor(Poker.Rank,Poker.Suite)
FNDA:5227,System.Void Poker.Card::.ctor(Poker.Rank,Poker.Suite)
DA:10,5227
DA:11,5227
DA:12,5227
DA:13,5227
DA:14,5227
LF:17
LH:14
BRF:4
BRH:3
FNF:5
FNH:4
end_of_record
SF:C:\Users\Some-Fish\Documents\Newton\Objektorienterad_programmering\Lab-2---Poker\PokerLib\Deck.cs
FN:6,System.Collections.Generic.List`1<Poker.ICard> Poker.Deck::get_Content()
FNDA:2953,System.Collections.Generic.List`1<Poker.ICard> Poker.Deck::get_Content()
DA:7,2953
FN:24,System.Void Poker.Deck::Randomize()
FNDA:8,System.Void Poker.Deck::Randomize()
DA:25,8
DA:26,8
DA:27,8
DA:28,8
DA:29,416
DA:30,408
DA:31,408
DA:32,408
DA:33,408
DA:34,408
DA:35,408
DA:36,408
DA:37,8
BRDA:29,101,1,408
BRDA:29,101,0,8
FN:38,System.Void Poker.Deck::ShuffleInCards()
FNDA:1,System.Void Poker.Deck::ShuffleInCards()
DA:39,1
DA:40,1
DA:41,1
DA:42,1
DA:43,1
FN:44,System.Collections.Generic.List`1<Poker.ICard> Poker.Deck::Draw(System.Int32)
FNDA:8,System.Collections.Generic.List`1<Poker.ICard> Poker.Deck::Draw(System.Int32)
DA:45,8
DA:46,8
DA:47,642
DA:48,314
DA:49,314
DA:50,314
DA:51,313
DA:52,313
DA:53,7
DA:54,7
DA:55,7
BRDA:47,69,1,314
BRDA:47,69,0,7
FN:9,System.Void Poker.Deck::.ctor()
FNDA:7,System.Void Poker.Deck::.ctor()
DA:10,7
DA:11,7
DA:12,7
DA:13,7
DA:14,196
DA:15,91
DA:16,910
DA:17,364
DA:18,364
DA:19,364
DA:20,91
DA:21,7
DA:22,7
BRDA:14,85,1,91
BRDA:16,71,1,364
BRDA:16,71,0,91
BRDA:14,85,0,7
LF:43
LH:43
BRF:8
BRH:8
FNF:5
FNH:5
end_of_record
SF:C:\Users\Some-Fish\Documents\Newton\Objektorienterad_programmering\Lab-2---Poker\PokerLib\FileManager.cs
FN:13,System.Boolean Poker.FileManager::SaveGame(System.String,System.Collections.Generic.List`1<Poker.IPlayer>)
FNDA:0,System.Boolean Poker.FileManager::SaveGame(System.String,System.Collections.Generic.List`1<Poker.IPlayer>)
DA:14,0
DA:15,0
DA:16,0
DA:17,0
DA:18,0
DA:19,0
DA:20,0
DA:22,0
FN:23,System.Void Poker.FileManager::CreateSaveDirIfNonExistent()
FNDA:0,System.Void Poker.FileManager::CreateSaveDirIfNonExistent()
DA:24,0
DA:25,0
DA:32,0
FN:33,System.Collections.Generic.List`1<Poker.IPlayer> Poker.FileManager::LoadGame(System.String)
FNDA:0,System.Collections.Generic.List`1<Poker.IPlayer> Poker.FileManager::LoadGame(System.String)
DA:34,0
DA:35,0
DA:36,0
DA:37,0
DA:38,0
DA:39,0
DA:40,0
DA:41,0
DA:42,0
DA:44,0
DA:45,0
DA:46,0
DA:48,0
DA:49,0
DA:50,0
DA:52,0
BRDA:38,111,1,0
BRDA:40,56,0,0
BRDA:40,56,1,0
BRDA:44,76,0,0
BRDA:44,76,1,0
BRDA:38,111,0,0
FN:54,System.String Poker.FileManager::ConvertToString(System.Collections.Generic.List`1<Poker.IPlayer>)
FNDA:0,System.String Poker.FileManager::ConvertToString(System.Collections.Generic.List`1<Poker.IPlayer>)
DA:55,0
DA:56,0
DA:57,0
DA:58,0
DA:59,0
DA:60,0
DA:61,0
DA:62,0
DA:63,0
DA:64,0
BRDA:57,57,1,0
BRDA:57,57,0,0
FN:65,System.Collections.Generic.List`1<Poker.IPlayer> Poker.FileManager::ConvertToPlayers(System.Collections.Generic.List`1<System.String>)
FNDA:0,System.Collections.Generic.List`1<Poker.IPlayer> Poker.FileManager::ConvertToPlayers(System.Collections.Generic.List`1<System.String>)
DA:66,0
DA:67,0
DA:68,0
DA:69,0
DA:70,0
DA:71,0
DA:72,0
DA:73,0
DA:74,0
BRDA:68,49,1,0
BRDA:68,49,0,0
FN:75,Poker.IPlayer Poker.FileManager::ConvertToPlayer(System.String)
FNDA:0,Poker.IPlayer Poker.FileManager::ConvertToPlayer(System.String)
DA:76,0
DA:77,0
DA:78,0
DA:79,0
DA:80,0
DA:81,0
DA:82,0
DA:83,0
FN:84,System.String[] Poker.FileManager::FileToPlayerStrings(System.String)
FNDA:0,System.String[] Poker.FileManager::FileToPlayerStrings(System.String)
DA:85,0
DA:86,0
DA:87,0
DA:88,0
DA:89,0
DA:90,0
DA:92,0
DA:93,0
DA:94,0
DA:95,0
DA:96,0
DA:98,0
BRDA:86,3,0,0
BRDA:86,3,1,0
BRDA:92,68,1,0
BRDA:92,68,0,0
LF:66
LH:0
BRF:14
BRH:0
FNF:7
FNH:0
end_of_record
SF:C:\Users\Some-Fish\Documents\Newton\Objektorienterad_programmering\Lab-2---Poker\PokerLib\Hand.cs
FN:8,System.Int32 Poker.Hand::get_Count()
FNDA:1,System.Int32 Poker.Hand::get_Count()
DA:9,1
FN:9,System.Collections.Generic.List`1<Poker.ICard> Poker.Hand::get_Cards()
FNDA:0,System.Collections.Generic.List`1<Poker.ICard> Poker.Hand::get_Cards()
DA:10,0
FN:10,Poker.IPlayer Poker.Hand::get_Player()
FNDA:2,Poker.IPlayer Poker.Hand::get_Player()
DA:11,2
FN:11,Poker.HandType Poker.Hand::get_HandType()
FNDA:0,Poker.HandType Poker.Hand::get_HandType()
DA:12,0
FN:27,System.Void Poker.Hand::Add(Poker.ICard)
FNDA:32,System.Void Poker.Hand::Add(Poker.ICard)
DA:28,32
DA:29,0
DA:30,34
DA:31,31
DA:32,31
BRDA:29,15,0,0
BRDA:29,15,1,32
BRDA:30,37,0,1
BRDA:30,37,1,31
FN:34,System.Boolean Poker.Hand::Contains(Poker.ICard)
FNDA:4,System.Boolean Poker.Hand::Contains(Poker.ICard)
DA:35,4
DA:36,4
DA:37,4
FN:39,System.Void Poker.Hand::Remove(Poker.ICard)
FNDA:3,System.Void Poker.Hand::Remove(Poker.ICard)
DA:40,3
DA:41,3
DA:42,3
FN:44,System.Boolean Poker.Hand::IsFull()
FNDA:42,System.Boolean Poker.Hand::IsFull()
DA:45,42
DA:46,42
DA:47,42
FN:12,System.Void Poker.Hand::.ctor(Poker.IPlayer)
FNDA:22,System.Void Poker.Hand::.ctor(Poker.IPlayer)
DA:13,22
DA:14,22
DA:15,0
DA:16,21
DA:17,21
DA:18,21
BRDA:15,17,0,0
BRDA:15,17,1,21
FN:18,System.Void Poker.Hand::.ctor(Poker.IPlayer,System.Collections.Generic.List`1<Poker.ICard>)
FNDA:2,System.Void Poker.Hand::.ctor(Poker.IPlayer,System.Collections.Generic.List`1<Poker.ICard>)
DA:19,2
DA:20,2
DA:21,0
DA:22,0
DA:23,0
DA:24,0
BRDA:21,15,0,1
BRDA:21,15,1,0
BRDA:21,29,0,0
BRDA:21,29,1,0
LF:30
LH:22
BRF:10
BRH:5
FNF:10
FNH:8
end_of_record
SF:C:\Users\Some-Fish\Documents\Newton\Objektorienterad_programmering\Lab-2---Poker\PokerLib\ScoreLogic.cs
FN:10,Poker.HandType Poker.ScoreLogic::DetermineHandType(System.Collections.Generic.List`1<Poker.ICard>)
FNDA:960,Poker.HandType Poker.ScoreLogic::DetermineHandType(System.Collections.Generic.List`1<Poker.ICard>)
DA:11,960
DA:12,960
DA:13,960
DA:14,0
DA:15,0
DA:16,0
DA:17,0
DA:18,0
DA:19,0
DA:20,1440
DA:21,1200
DA:22,960
DA:23,240
DA:24,960
BRDA:14,23,0,0
BRDA:14,23,1,960
BRDA:15,42,0,0
BRDA:15,42,1,960
BRDA:16,59,0,0
BRDA:16,59,1,960
BRDA:17,76,0,0
BRDA:17,76,1,960
BRDA:18,93,0,0
BRDA:18,93,1,960
BRDA:19,110,0,0
BRDA:19,110,1,960
BRDA:20,127,0,240
BRDA:20,127,1,720
BRDA:21,144,0,240
BRDA:21,144,1,480
BRDA:22,161,0,240
BRDA:22,161,1,240
FN:25,System.Boolean Poker.ScoreLogic::IsRoyalStraightFlush(System.Collections.Generic.List`1<Poker.ICard>)
FNDA:960,System.Boolean Poker.ScoreLogic::IsRoyalStraightFlush(System.Collections.Generic.List`1<Poker.ICard>)
DA:26,960
DA:27,0
DA:28,960
DA:29,960
BRDA:27,7,0,0
BRDA:27,7,1,960
BRDA:27,30,0,0
BRDA:27,30,1,960
FN:30,System.Boolean Poker.ScoreLogic::IsStraightFlush(System.Collections.Generic.List`1<Poker.ICard>)
FNDA:1920,System.Boolean Poker.ScoreLogic::IsStraightFlush(System.Collections.Generic.List`1<Poker.ICard>)
DA:31,1920
DA:32,0
DA:33,1920
DA:34,1920
BRDA:32,7,0,0
BRDA:32,7,1,1920
BRDA:32,20,0,0
BRDA:32,20,1,1920
FN:35,System.Boolean Poker.ScoreLogic::IsFourOfAKind(System.Collections.Generic.List`1<Poker.ICard>)
FNDA:960,System.Boolean Poker.ScoreLogic::IsFourOfAKind(System.Collections.Generic.List`1<Poker.ICard>)
DA:36,960
DA:37,960
DA:38,960
FN:40,System.Boolean Poker.ScoreLogic::IsFullHouse(System.Collections.Generic.List`1<Poker.ICard>)
FNDA:960,System.Boolean Poker.ScoreLogic::IsFullHouse(System.Collections.Generic.List`1<Poker.ICard>)
DA:41,960
DA:42,960
DA:43,720
DA:44,720
DA:46,576
DA:47,216
DA:48,0
DA:49,960
BRDA:42,12,0,720
BRDA:42,12,1,240
BRDA:46,50,0,168
BRDA:46,50,1,72
BRDA:47,88,0,72
BRDA:47,88,1,0
FN:51,System.Boolean Poker.ScoreLogic::IsFlush(System.Collections.Generic.List`1<Poker.ICard>)
FNDA:2880,System.Boolean Poker.ScoreLogic::IsFlush(System.Collections.Generic.List`1<Poker.ICard>)
DA:52,2880
DA:53,17280
DA:54,0
DA:55,0
DA:57,2880
DA:58,2880
BRDA:53,47,0,0
BRDA:53,47,1,2880
FN:60,System.Boolean Poker.ScoreLogic::IsStraight(System.Collections.Generic.List`1<Poker.ICard>)
FNDA:960,System.Boolean Poker.ScoreLogic::IsStraight(System.Collections.Generic.List`1<Poker.ICard>)
DA:61,960
DA:62,0
DA:64,2496
DA:65,504
DA:67,0
DA:69,36
DA:79,960
BRDA:62,19,0,0
BRDA:62,19,1,960
BRDA:64,52,0,768
BRDA:64,52,1,192
BRDA:65,86,0,156
BRDA:65,86,1,36
BRDA:67,105,0,0
BRDA:67,105,1,36
FN:81,System.Boolean Poker.ScoreLogic::IsThreeOfAKind(System.Collections.Generic.List`1<Poker.ICard>)
FNDA:1920,System.Boolean Poker.ScoreLogic::IsThreeOfAKind(System.Collections.Generic.List`1<Poker.ICard>)
DA:82,1920
DA:83,1920
DA:84,1920
FN:86,System.Boolean Poker.ScoreLogic::IsTwoPair(System.Collections.Generic.List`1<Poker.ICard>)
FNDA:720,System.Boolean Poker.ScoreLogic::IsTwoPair(System.Collections.Generic.List`1<Poker.ICard>)
DA:87,720
DA:88,720
DA:90,1200
DA:91,480
DA:94,2880
DA:97,960
DA:98,240
DA:99,720
BRDA:90,25,0,240
BRDA:90,25,1,480
BRDA:97,76,0,240
BRDA:97,76,1,240
FN:101,System.Boolean Poker.ScoreLogic::IsPair(System.Collections.Generic.List`1<Poker.ICard>)
FNDA:1680,System.Boolean Poker.ScoreLogic::IsPair(System.Collections.Generic.List`1<Poker.ICard>)
DA:102,1680
DA:103,1680
DA:104,1680
FN:106,System.Collections.Generic.List`1<Poker.IPlayer> Poker.ScoreLogic::DetermineWinners(System.Collections.Generic.List`1<Poker.IPlayer>)
FNDA:0,System.Collections.Generic.List`1<Poker.IPlayer> Poker.ScoreLogic::DetermineWinners(System.Collections.Generic.List`1<Poker.IPlayer>)
DA:107,0
DA:108,0
DA:109,0
DA:110,0
DA:111,0
DA:112,0
DA:113,0
DA:114,0
DA:115,0
DA:117,0
DA:118,0
DA:119,0
DA:120,0
DA:123,0
DA:125,0
DA:126,0
DA:128,0
DA:129,0
DA:130,0
DA:131,0
DA:132,0
DA:133,0
DA:134,0
DA:135,0
DA:137,0
DA:138,0
DA:139,0
DA:140,0
DA:141,0
DA:143,0
DA:144,0
DA:145,0
DA:146,0
DA:147,0
DA:148,0
BRDA:110,67,1,0
BRDA:110,67,0,0
BRDA:117,130,0,0
BRDA:117,130,1,0
BRDA:125,475,1,0
BRDA:129,323,1,0
BRDA:131,275,0,0
BRDA:131,275,1,0
BRDA:129,323,0,0
BRDA:125,475,0,0
BRDA:143,529,1,0
BRDA:143,529,0,0
FN:152,Poker.HandType Poker.ScoreLogic::GetHighestHandType(System.Collections.Generic.List`1<Poker.Hand>)
FNDA:0,Poker.HandType Poker.ScoreLogic::GetHighestHandType(System.Collections.Generic.List`1<Poker.Hand>)
DA:153,0
DA:154,0
DA:155,0
FN:156,System.Collections.Generic.List`1<Poker.ICard> Poker.ScoreLogic::SortByRankAndSuite(System.Collections.Generic.List`1<Poker.ICard>)
FNDA:962,System.Collections.Generic.List`1<Poker.ICard> Poker.ScoreLogic::SortByRankAndSuite(System.Collections.Generic.List`1<Poker.ICard>)
DA:157,962
DA:158,0
DA:159,5772
DA:160,962
DA:161,12506
DA:162,4810
DA:163,4810
DA:164,4810
DA:166,962
DA:167,962
BRDA:161,117,1,4810
BRDA:161,117,0,962
FN:168,Poker.Rank Poker.ScoreLogic::MostPopularCard(System.Collections.Generic.List`1<Poker.ICard>)
FNDA:5040,Poker.Rank Poker.ScoreLogic::MostPopularCard(System.Collections.Generic.List`1<Poker.ICard>)
DA:169,5040
DA:170,5040
DA:171,29280
DA:172,23760
DA:173,10080
DA:174,5040
DA:175,5040
FN:176,System.Boolean Poker.ScoreLogic::IsAmmountOfMost(System.Int32,System.Collections.Generic.List`1<Poker.ICard>)
FNDA:4560,System.Boolean Poker.ScoreLogic::IsAmmountOfMost(System.Int32,System.Collections.Generic.List`1<Poker.ICard>)
DA:177,4560
DA:178,4560
DA:179,26400
DA:180,7440
DA:181,3120
DA:182,4560
BRDA:180,49,0,1440
BRDA:180,49,1,3120
FN:184,System.Collections.Generic.List`1<Poker.Hand> Poker.ScoreLogic::SortByPointCards(System.Collections.Generic.List`1<Poker.Hand>)
FNDA:0,System.Collections.Generic.List`1<Poker.Hand> Poker.ScoreLogic::SortByPointCards(System.Collections.Generic.List`1<Poker.Hand>)
DA:185,0
DA:186,0
DA:187,0
DA:188,0
DA:189,0
DA:190,0
DA:191,0
DA:192,0
BRDA:187,47,1,0
BRDA:187,47,0,0
FN:194,Poker.Hand Poker.ScoreLogic::SortByPointCards(Poker.Hand)
FNDA:0,Poker.Hand Poker.ScoreLogic::SortByPointCards(Poker.Hand)
DA:195,0
DA:196,0
DA:197,0
DA:198,0
DA:199,0
DA:203,0
DA:205,0
DA:208,0
DA:209,0
DA:210,0
DA:213,0
DA:214,0
DA:215,0
DA:219,0
DA:220,0
DA:221,0
DA:225,0
DA:227,0
DA:231,0
DA:232,0
DA:233,0
DA:236,0
DA:237,0
DA:238,0
DA:242,0
DA:243,0
DA:244,0
DA:245,0
DA:247,0
DA:248,0
DA:249,0
DA:250,0
DA:251,0
DA:253,0
DA:254,0
DA:255,0
DA:256,0
DA:258,0
DA:259,0
DA:263,0
DA:264,0
DA:265,0
DA:268,0
DA:269,0
DA:270,0
DA:273,0
DA:274,0
DA:275,0
DA:276,0
DA:277,0
DA:279,0
DA:308,0
BRDA:199,40,10,0
BRDA:199,40,9,0
BRDA:199,40,8,0
BRDA:199,40,7,0
BRDA:199,40,6,0
BRDA:199,40,5,0
BRDA:199,40,4,0
BRDA:199,40,3,0
BRDA:247,289,0,0
BRDA:247,289,1,0
BRDA:199,40,2,0
BRDA:199,40,1,0
BRDA:199,40,0,0
BRDA:274,506,1,0
BRDA:274,506,0,0
FN:71,System.Boolean Poker.ScoreLogic::<IsStraight>g__isIncrementalByOne|6_0(System.Int32,Poker.ScoreLogic/<>c__DisplayClass6_0&)
FNDA:996,System.Boolean Poker.ScoreLogic::<IsStraight>g__isIncrementalByOne|6_0(System.Int32,Poker.ScoreLogic/<>c__DisplayClass6_0&)
DA:72,996
DA:73,2148
DA:74,1074
DA:75,3066
DA:76,78
DA:77,0
DA:78,996
BRDA:73,71,1,1074
BRDA:75,51,0,996
BRDA:75,51,1,78
BRDA:73,71,0,0
FN:281,System.Void Poker.ScoreLogic::<SortByPointCards>g__StraightCase|16_0(Poker.ScoreLogic/<>c__DisplayClass16_0&)
FNDA:0,System.Void Poker.ScoreLogic::<SortByPointCards>g__StraightCase|16_0(Poker.ScoreLogic/<>c__DisplayClass16_0&)
DA:282,0
DA:283,0
DA:284,0
DA:285,0
DA:286,0
DA:287,0
DA:288,0
DA:289,0
BRDA:283,24,0,0
BRDA:283,24,1,0
FN:290,System.Collections.Generic.List`1<Poker.ICard> Poker.ScoreLogic::<SortByPointCards>g__TakeAndRemove|16_1(Poker.Rank,Poker.ScoreLogic/<>c__DisplayClass16_0&)
FNDA:0,System.Collections.Generic.List`1<Poker.ICard> Poker.ScoreLogic::<SortByPointCards>g__TakeAndRemove|16_1(Poker.Rank,Poker.ScoreLogic/<>c__DisplayClass16_0&)
DA:291,0
DA:292,0
DA:293,0
DA:294,0
DA:295,0
FN:296,System.Collections.Generic.List`1<Poker.ICard> Poker.ScoreLogic::<SortByPointCards>g__OrderByPopThenRank|16_2(Poker.ScoreLogic/<>c__DisplayClass16_0&)
FNDA:0,System.Collections.Generic.List`1<Poker.ICard> Poker.ScoreLogic::<SortByPointCards>g__OrderByPopThenRank|16_2(Poker.ScoreLogic/<>c__DisplayClass16_0&)
DA:297,0
DA:298,0
DA:299,0
DA:300,0
DA:301,0
DA:302,0
DA:303,0
DA:304,0
DA:305,0
DA:306,0
LF:211
LH:75
BRF:85
BRH:39
FNF:21
FNH:14
end_of_record
SF:C:\Users\Some-Fish\Documents\Newton\Objektorienterad_programmering\Lab-2---Poker\PokerLib\GameFactory.cs
FN:5,Poker.Lib.IPokerGame Poker.Lib.GameFactory::NewGame(System.String[])
FNDA:0,Poker.Lib.IPokerGame Poker.Lib.GameFactory::NewGame(System.String[])
DA:6,0
DA:7,0
DA:8,0
DA:9,0
DA:10,0
DA:11,0
BRDA:7,9,0,0
BRDA:7,9,1,0
BRDA:8,31,0,0
BRDA:8,31,1,0
FN:13,Poker.Lib.IPokerGame Poker.Lib.GameFactory::LoadGame(System.String)
FNDA:0,Poker.Lib.IPokerGame Poker.Lib.GameFactory::LoadGame(System.String)
DA:14,0
DA:15,0
DA:16,0
DA:17,0
LF:10
LH:0
BRF:4
BRH:0
FNF:2
FNH:0
end_of_record
SF:C:\Users\Some-Fish\Documents\Newton\Objektorienterad_programmering\Lab-2---Poker\PokerLib\StandardGame.cs
FN:12,Poker.IPlayer[] Poker.Lib.StandardGame::get_Players()
FNDA:0,Poker.IPlayer[] Poker.Lib.StandardGame::get_Players()
DA:13,0
FN:37,System.Void Poker.Lib.StandardGame::Exit()
FNDA:0,System.Void Poker.Lib.StandardGame::Exit()
DA:38,0
DA:39,0
DA:40,0
FN:42,System.Void Poker.Lib.StandardGame::RunGame()
FNDA:0,System.Void Poker.Lib.StandardGame::RunGame()
DA:43,0
DA:44,0
DA:45,0
DA:46,0
DA:47,0
DA:48,0
DA:49,0
DA:50,0
BRDA:46,38,1,0
BRDA:46,38,0,0
FN:52,System.Void Poker.Lib.StandardGame::fullGame()
FNDA:0,System.Void Poker.Lib.StandardGame::fullGame()
DA:53,0
DA:54,0
DA:55,0
DA:56,0
DA:57,0
DA:58,0
FN:60,System.Void Poker.Lib.StandardGame::DetermineWinner()
FNDA:0,System.Void Poker.Lib.StandardGame::DetermineWinner()
DA:61,0
DA:62,0
DA:63,0
DA:64,0
DA:65,0
DA:66,0
DA:67,0
DA:68,0
DA:69,0
DA:71,0
DA:72,0
DA:73,0
DA:74,0
BRDA:64,36,0,0
BRDA:64,36,1,0
FN:76,System.Void Poker.Lib.StandardGame::SaveGameAndExit(System.String)
FNDA:0,System.Void Poker.Lib.StandardGame::SaveGameAndExit(System.String)
DA:77,0
DA:78,0
DA:79,0
DA:80,0
FN:81,System.Void Poker.Lib.StandardGame::InitialDeal()
FNDA:0,System.Void Poker.Lib.StandardGame::InitialDeal()
DA:82,0
DA:83,0
DA:84,0
DA:85,0
DA:86,0
DA:87,0
DA:88,0
DA:90,0
BRDA:84,102,1,0
BRDA:84,102,0,0
FN:93,System.Void Poker.Lib.StandardGame::Playerturns()
FNDA:0,System.Void Poker.Lib.StandardGame::Playerturns()
DA:94,0
DA:95,0
DA:96,0
DA:97,0
DA:98,0
DA:99,0
DA:100,0
DA:101,0
DA:102,0
DA:103,0
DA:104,0
DA:105,0
BRDA:95,140,1,0
BRDA:95,140,0,0
FN:13,System.Void Poker.Lib.StandardGame::.ctor(System.String)
FNDA:0,System.Void Poker.Lib.StandardGame::.ctor(System.String)
DA:14,0
DA:15,0
DA:16,0
DA:17,0
DA:18,0
DA:19,0
FN:20,System.Void Poker.Lib.StandardGame::.ctor(System.String[])
FNDA:0,System.Void Poker.Lib.StandardGame::.ctor(System.String[])
DA:21,0
DA:22,0
DA:23,0
DA:24,0
DA:25,0
DA:26,0
DA:27,0
DA:28,0
DA:29,0
BRDA:25,68,1,0
BRDA:25,68,0,0
LF:70
LH:0
BRF:10
BRH:0
FNF:10
FNH:0
end_of_record